Pertemuan14/DroidCafeWithSettings/app/build/intermediates/manifest_merge_blame_file/debug/manifest-merger-blame-debug-report.txt
1<?xml version="1.0" encoding="utf-8"?>
2<manifest xmlns:android="http://schemas.android.com/apk/res/android"
3    package="com.example.android.droidcafeinput"
4    android:versionCode="1"
5    android:versionName="1.0" >
6
7    <uses-sdk
8        android:minSdkVersion="15"
8-->src\main\AndroidManifest.xml
9        android:targetSdkVersion="26" />
9-->src\main\AndroidManifest.xml
10
11    <application
11-->src\main\AndroidManifest.xml:5:5-38:19
12        android:allowBackup="true"
12-->src\main\AndroidManifest.xml:6:9-35
13        android:debuggable="true"
14        android:icon="@mipmap/ic_launcher"
14-->src\main\AndroidManifest.xml:7:9-43
15        android:label="@string/app_name"
15-->src\main\AndroidManifest.xml:8:9-41
16        android:roundIcon="@mipmap/ic_launcher_round"
16-->src\main\AndroidManifest.xml:9:9-54
17        android:supportsRtl="true"
17-->src\main\AndroidManifest.xml:10:9-35
18        android:testOnly="true"
19        android:theme="@style/AppTheme" >
19-->src\main\AndroidManifest.xml:11:9-40
20        <activity
20-->src\main\AndroidManifest.xml:12:9-21:20
21            android:name="com.example.android.droidcafeinput.MainActivity"
21-->src\main\AndroidManifest.xml:13:13-41
22            android:label="@string/app_name"
22-->src\main\AndroidManifest.xml:14:13-45
23            android:theme="@style/AppTheme.NoActionBar" >
23-->src\main\AndroidManifest.xml:15:13-56
24            <intent-filter>
24-->src\main\AndroidManifest.xml:16:13-20:29
25                <action android:name="android.intent.action.MAIN" />
25-->src\main\AndroidManifest.xml:17:17-69
25-->src\main\AndroidManifest.xml:17:25-66
26
27                <category android:name="android.intent.category.LAUNCHER" />
27-->src\main\AndroidManifest.xml:19:17-77
27-->src\main\AndroidManifest.xml:19:27-74
28            </intent-filter>
29        </activity>
30        <activity
30-->src\main\AndroidManifest.xml:22:9-29:20
31            android:name="com.example.android.droidcafeinput.OrderActivity"
31-->src\main\AndroidManifest.xml:23:13-42
32            android:label="@string/title_activity_order"
32-->src\main\AndroidManifest.xml:24:13-57
33            android:parentActivityName="com.example.android.droidcafeinput.MainActivity" >
33-->src\main\AndroidManifest.xml:25:13-55
34            <meta-data
34-->src\main\AndroidManifest.xml:26:13-28:49
35                android:name="android.support.PARENT_ACTIVITY"
35-->src\main\AndroidManifest.xml:27:17-63
36                android:value=".MainActivity" />
36-->src\main\AndroidManifest.xml:28:17-46
37        </activity>
38        <activity
38-->src\main\AndroidManifest.xml:30:9-37:20
39            android:name="com.example.android.droidcafeinput.SettingsActivity"
39-->src\main\AndroidManifest.xml:31:13-45
40            android:label="@string/title_activity_settings"
40-->src\main\AndroidManifest.xml:32:13-60
41            android:parentActivityName="com.example.android.droidcafeinput.MainActivity" >
41-->src\main\AndroidManifest.xml:33:13-55
42            <meta-data
42-->src\main\AndroidManifest.xml:26:13-28:49
43                android:name="android.support.PARENT_ACTIVITY"
43-->src\main\AndroidManifest.xml:27:17-63
44                android:value=".MainActivity" />
44-->src\main\AndroidManifest.xml:28:17-46
45        </activity>
46
47        <meta-data
47-->[com.android.support:design:26.1.0] AndroidManifest.xml:26:9-28:38
48            android:name="android.support.VERSION"
48-->[com.android.support:design:26.1.0] AndroidManifest.xml:27:13-51
49            android:value="26.1.0" />
49-->[com.android.support:design:26.1.0] AndroidManifest.xml:28:13-35
50        <meta-data
50-->[android.arch.lifecycle:runtime:1.0.0] AndroidManifest.xml:25:9-27:47
51            android:name="android.arch.lifecycle.VERSION"
51-->[android.arch.lifecycle:runtime:1.0.0] AndroidManifest.xml:26:13-58
52            android:value="27.0.0-SNAPSHOT" />
52-->[android.arch.lifecycle:runtime:1.0.0] AndroidManifest.xml:27:13-44
53    </application>
54
55</manifest>